<?xml version="1.0" encoding="UTF-8"?>
<!-- Generated by org.testng.reporters.JUnitXMLReporter -->
<testsuite hostname="Surendhar-PC" failures="2" tests="2" name="Test" time="28.978" errors="0" timestamp="23 Jan 2024 12:34:22 GMT">
  <testcase classname="testScripts.TestScripts" name="signupTest" time="2.791">
    <failure type="java.lang.AssertionError" message="expected [This user already exist.] but found [Sign up successful.]">
      <![CDATA[java.lang.AssertionError: expected [This user already exist.] but found [Sign up successful.]
	at testScripts.TestScripts.signupTest(TestScripts.java:37)
... Removed 27 stack frames]]>
    </failure>
  </testcase> <!-- signupTest -->
  <testcase classname="testScripts.TestScripts" name="loginTest" time="2.124">
    <failure type="org.openqa.selenium.UnhandledAlertException" message="Dismissed user prompt dialog: This user already exist.: 
Build info: version: &amp;apos;4.16.1&amp;apos;, revision: &amp;apos;9b4c83354e&amp;apos;
System info: os.name: &amp;apos;Windows 7&amp;apos;, os.arch: &amp;apos;amd64&amp;apos;, os.version: &amp;apos;6.1&amp;apos;, java.version: &amp;apos;18.0.1&amp;apos;
Driver info: org.openqa.selenium.firefox.FirefoxDriver
Command: [7dbb8a2f-307a-4a12-ba27-7d9b9bb17188, findElement {using=xpath, value=//div[@id=&amp;apos;navbarExample&amp;apos;]//child::a[text()=&amp;apos;Log in&amp;apos;]}]
Capabilities {acceptInsecureCerts: true, browserName: firefox, browserVersion: 115.6.0, moz:accessibilityChecks: false, moz:buildID: 20231211164624, moz:debuggerAddress: 127.0.0.1:20548, moz:geckodriverVersion: 0.34.0, moz:headless: false, moz:platformVersion: 6.1, moz:processID: 7204, moz:profile: C:\Users\SUREND~1\AppData\L..., moz:shutdownTimeout: 60000, moz:useNonSpecCompliantPointerOrigin: false, moz:webdriverClick: true, moz:windowless: false, pageLoadStrategy: normal, platformName: windows, proxy: Proxy(), se:cdp: ws://127.0.0.1:20548/devtoo..., se:cdpVersion: 85.0, setWindowRect: true, strictFileInteractability: false, timeouts: {implicit: 0, pageLoad: 300000, script: 30000}, unhandledPromptBehavior: dismiss and notify}
Session ID: 7dbb8a2f-307a-4a12-ba27-7d9b9bb17188">
      <![CDATA[org.openqa.selenium.UnhandledAlertException: Dismissed user prompt dialog: This user already exist.: 
Build info: version: '4.16.1', revision: '9b4c83354e'
System info: os.name: 'Windows 7', os.arch: 'amd64', os.version: '6.1', java.version: '18.0.1'
Driver info: org.openqa.selenium.firefox.FirefoxDriver
Command: [7dbb8a2f-307a-4a12-ba27-7d9b9bb17188, findElement {using=xpath, value=//div[@id='navbarExample']//child::a[text()='Log in']}]
Capabilities {acceptInsecureCerts: true, browserName: firefox, browserVersion: 115.6.0, moz:accessibilityChecks: false, moz:buildID: 20231211164624, moz:debuggerAddress: 127.0.0.1:20548, moz:geckodriverVersion: 0.34.0, moz:headless: false, moz:platformVersion: 6.1, moz:processID: 7204, moz:profile: C:\Users\SUREND~1\AppData\L..., moz:shutdownTimeout: 60000, moz:useNonSpecCompliantPointerOrigin: false, moz:webdriverClick: true, moz:windowless: false, pageLoadStrategy: normal, platformName: windows, proxy: Proxy(), se:cdp: ws://127.0.0.1:20548/devtoo..., se:cdpVersion: 85.0, setWindowRect: true, strictFileInteractability: false, timeouts: {implicit: 0, pageLoad: 300000, script: 30000}, unhandledPromptBehavior: dismiss and notify}
Session ID: 7dbb8a2f-307a-4a12-ba27-7d9b9bb17188
	at org.openqa.selenium.remote.codec.w3c.W3CHttpResponseCodec.decode(W3CHttpResponseCodec.java:131)
	at org.openqa.selenium.remote.codec.w3c.W3CHttpResponseCodec.decode(W3CHttpResponseCodec.java:52)
	at org.openqa.selenium.remote.HttpCommandExecutor.execute(HttpCommandExecutor.java:191)
	at org.openqa.selenium.remote.service.DriverCommandExecutor.invokeExecute(DriverCommandExecutor.java:200)
	at org.openqa.selenium.remote.service.DriverCommandExecutor.execute(DriverCommandExecutor.java:175)
	at org.openqa.selenium.remote.RemoteWebDriver.execute(RemoteWebDriver.java:523)
	at org.openqa.selenium.remote.ElementLocation$ElementFinder$2.findElement(ElementLocation.java:165)
	at org.openqa.selenium.remote.ElementLocation.findElement(ElementLocation.java:59)
	at org.openqa.selenium.remote.RemoteWebDriver.findElement(RemoteWebDriver.java:360)
	at org.openqa.selenium.remote.RemoteWebDriver.findElement(RemoteWebDriver.java:354)
	at org.openqa.selenium.support.pagefactory.DefaultElementLocator.findElement(DefaultElementLocator.java:68)
	at org.openqa.selenium.support.pagefactory.internal.LocatingElementHandler.invoke(LocatingElementHandler.java:38)
	at jdk.proxy2/jdk.proxy2.$Proxy12.click(Unknown Source)
	at testScripts.TestScripts.loginTest(TestScripts.java:48)
... Removed 22 stack frames]]>
    </failure>
  </testcase> <!-- loginTest -->
</testsuite> <!-- Test -->
