<?xml version="1.0" encoding="UTF-8"?>
<testng-results total="2" passed="2" failed="0" skipped="0">
  <reporter-output>
  </reporter-output>
  <suite started-at="2024-01-23T14:05:45Z" name="Default suite" finished-at="2024-01-23T14:05:59Z" duration-ms="14293">
    <groups>
    </groups>
    <test started-at="2024-01-23T14:05:45Z" name="Default test" finished-at="2024-01-23T14:05:59Z" duration-ms="14293">
      <class name="testScripts.TestScripts">
        <test-method is-config="true" signature="setUp()[pri:0, instance:testScripts.TestScripts@1e44b638]" started-at="2024-01-23T19:35:45Z" name="setUp" finished-at="2024-01-23T19:35:52Z" duration-ms="7384" status="PASS">
          <reporter-output>
          </reporter-output>
        </test-method> <!-- setUp -->
        <test-method signature="signupTest()[pri:0, instance:testScripts.TestScripts@1e44b638]" started-at="2024-01-23T19:35:52Z" name="signupTest" finished-at="2024-01-23T19:35:55Z" duration-ms="3070" status="PASS">
          <reporter-output>
          </reporter-output>
        </test-method> <!-- signupTest -->
        <test-method signature="loginTest()[pri:1, instance:testScripts.TestScripts@1e44b638]" started-at="2024-01-23T19:35:55Z" name="loginTest" finished-at="2024-01-23T19:35:58Z" duration-ms="2779" status="PASS">
          <reporter-output>
          </reporter-output>
        </test-method> <!-- loginTest -->
        <test-method is-config="true" signature="quitBrowser()[pri:0, instance:testScripts.TestScripts@1e44b638]" started-at="2024-01-23T19:35:58Z" name="quitBrowser" finished-at="2024-01-23T19:35:59Z" duration-ms="1036" status="PASS">
          <reporter-output>
          </reporter-output>
        </test-method> <!-- quitBrowser -->
      </class> <!-- testScripts.TestScripts -->
    </test> <!-- Default test -->
  </suite> <!-- Default suite -->
</testng-results>
